0.00, 4525606
0.00, 4369290
0.00, 4228672
0.00, 4030272
0.00, 3991845
0.00, 3913849
0.00, 3845782
0.00, 3800442
0.00, 3762038
0.00, 3745715
0.01, 3743901
0.01, 3676207
0.01, 3663484
0.01, 3538361
0.01, 3463572
0.01, 3445687
0.01, 3280279
0.01, 3209175
0.01, 3012027
0.01, 2779641
0.01, 2759308
0.02, 2734596
0.02, 2723701
0.02, 2674146
0.02, 2502386
0.02, 2392335
0.02, 2389843
0.02, 2366692
0.03, 2353818
0.04, 2352383
0.05, 2264083
0.05, 2140969
0.06, 2138110
0.06, 2106961
0.06, 2090557
0.06, 2088287
0.07, 2064200
0.09, 2064011
0.11, 2051734
