0.85, 24769
1.11, 23820
1.54, 23460
1.96, 23281
3.00, 22659
3.22, 22275
3.53, 21599
3.92, 21038
6.49, 20384
8.19, 20337
10.64, 18995
13.08, 18954
13.55, 17609
17.24, 17500
27.11, 17379
27.80, 17340
28.50, 17037
30.02, 15806
30.14, 15730
39.67, 15124
43.21, 15078
43.58, 15076
49.52, 15002
55.13, 14996
56.63, 13935
64.43, 13785
66.80, 13402
71.48, 13198
81.40, 12686
82.60, 12359
93.95, 12349
98.00, 12108
98.92, 11808
100.42, 11726
123.59, 11691
125.54, 11412
127.96, 11246
142.51, 11090
143.61, 10980
153.55, 10930
153.73, 10865
156.44, 10820
173.12, 10721
177.95, 10639
181.14, 10447
183.18, 10403
184.69, 10352
188.40, 10253
195.35, 10206
196.73, 10144
208.47, 10063
216.40, 10007
220.07, 9919
230.99, 9783
255.66, 9766
256.66, 9727
259.70, 9636
262.53, 9626
277.27, 9601
285.98, 9568
301.97, 9495
