0.00, 30935
0.00, 30512
0.00, 29608
0.01, 29306
0.03, 29142
0.03, 28489
0.04, 28280
0.04, 28238
0.05, 28043
0.05, 27360
0.05, 27247
0.05, 27073
0.05, 26734
0.05, 26324
0.06, 26280
0.06, 26036
0.06, 25992
0.20, 25730
0.42, 25636
0.42, 25541
0.42, 25337
0.42, 25278
0.76, 24783
0.76, 24682
0.76, 24682
0.76, 24422
0.76, 23410
0.77, 23143
0.77, 22867
0.77, 22531
0.77, 22133
1.09, 21826
1.09, 21371
1.10, 21308
1.12, 21303
1.15, 21135
1.23, 21032
1.24, 20528
1.24, 20494
1.24, 20381
1.25, 20200
1.26, 19427
1.26, 19401
1.32, 19259
1.34, 19245
1.35, 19143
1.35, 19093
1.35, 19071
1.36, 18205
1.36, 18004
1.36, 17943
1.36, 17697
1.37, 17121
1.37, 17011
1.37, 16919
1.37, 16856
1.37, 16787
1.37, 16507
1.37, 16240
1.37, 16236
1.52, 16234
1.52, 16212
1.59, 16209
1.59, 15793
1.61, 15710
1.61, 15709
1.61, 15675
1.61, 15659
1.61, 15536
1.61, 15340
1.62, 15104
1.65, 14685
1.65, 14573
1.65, 14395
1.70, 14347
1.70, 14215
1.71, 14147
1.71, 14127
1.72, 14126
1.72, 13995
1.73, 13958
1.73, 13770
1.77, 13483
1.77, 13483
1.77, 13388
1.77, 13371
1.78, 13207
1.79, 13056
1.80, 12985
1.83, 12920
1.83, 12874
1.83, 12806
1.85, 12799
1.86, 12756
1.89, 12731
1.89, 12696
1.90, 12605
1.91, 12538
1.91, 12479
1.93, 12459
1.96, 12455
1.97, 12406
2.00, 12335
2.01, 12333
2.04, 12304
2.07, 12272
2.08, 12239
2.11, 12198
2.11, 12052
2.12, 12015
2.13, 12014
2.16, 11994
2.24, 11994
2.25, 11979
2.26, 11858
2.32, 11642
2.32, 11638
2.35, 11618
2.38, 11613
2.54, 11611
