0.00, 2755030
0.00, 2681288
0.00, 2618015
0.00, 2550889
0.00, 2538071
0.01, 2534036
0.01, 2490829
0.01, 2471018
0.01, 2450446
0.01, 2390777
0.01, 2380370
0.01, 2345488
0.01, 2263412
0.01, 2235534
0.01, 2214989
0.01, 2079944
0.02, 2070851
0.02, 2051986
0.02, 2049552
0.02, 2002997
0.02, 1963365
0.02, 1943648
0.03, 1940779
0.03, 1925480
0.03, 1897167
0.03, 1850945
0.03, 1834656
0.04, 1831160
0.04, 1830619
0.04, 1816662
0.05, 1794589
0.05, 1794112
0.05, 1746426
0.06, 1745831
0.06, 1741628
0.06, 1697234
0.07, 1696224
0.07, 1687445
0.07, 1686967
0.07, 1665862
0.07, 1653121
0.08, 1649600
0.08, 1612526
0.08, 1605809
0.08, 1604478
0.08, 1589293
0.08, 1588823
0.08, 1582631
0.09, 1513794
0.09, 1487704
0.09, 1475445
0.10, 1454456
0.10, 1447862
0.10, 1439426
0.11, 1406756
0.11, 1391585
0.11, 1301512
0.12, 1294700
0.12, 1291617
0.15, 1267836
0.16, 1253680
0.20, 1249973
0.20, 1231136
0.24, 1222549
0.30, 1209063
0.31, 1203258
0.32, 1199189
0.34, 1197864
0.35, 1193934
0.36, 1188332
0.36, 1178339
0.36, 1176516
0.37, 1172478
0.37, 1166198
0.45, 1162376
0.55, 1162338
0.55, 1155746
0.66, 1151400
0.68, 1150871
0.73, 1143749
0.74, 1143706
0.74, 1143155
0.78, 1137668
0.81, 1117152
0.84, 1115344
0.87, 1114339
0.88, 1110399
0.95, 1110110
0.98, 1106380
1.01, 1075913
1.05, 1075053
1.09, 1067439
1.15, 1065560
