0.17, 2351823
0.37, 2162086
1.20, 2014449
2.44, 1854971
2.91, 1820852
3.00, 1817847
4.12, 1734137
5.04, 1684658
9.02, 1663968
9.19, 1621195
9.52, 1595001
12.31, 1575636
12.59, 1538360
15.31, 1500603
18.76, 1428465
23.30, 1394667
28.52, 1374913
32.53, 1348760
41.18, 1346461
48.28, 1289688
50.06, 1278388
53.85, 1264033
57.89, 1263397
58.20, 1190569
58.75, 1181931
59.99, 1181210
61.50, 1149147
64.28, 1146821
64.35, 1062274
69.18, 1057110
76.52, 1032266
77.50, 1008845
82.15, 994928
88.70, 951356
99.71, 947698
110.90, 945386
111.90, 942153
123.31, 941728
123.84, 941007
127.60, 940455
132.07, 936549
133.48, 930397
133.66, 929845
141.95, 929811
142.99, 925606
149.04, 922842
153.54, 919274
165.60, 912991
168.52, 912983
170.69, 908518
263.33, 904495
295.80, 901325
