0.22, 169913
0.56, 169317
1.12, 167390
1.68, 166015
1.81, 163832
1.91, 159287
2.02, 144396
5.55, 143146
6.18, 136852
8.57, 135992
14.17, 135574
14.98, 133911
15.24, 132685
17.40, 130969
21.95, 128836
22.81, 127506
23.05, 125117
26.07, 119290
28.04, 117480
32.40, 116489
34.45, 111138
41.66, 110681
42.24, 103204
52.48, 98363
59.49, 98180
75.43, 94430
75.65, 91995
92.61, 91194
98.77, 90970
99.79, 88984
101.34, 87690
117.21, 85318
145.09, 84753
146.82, 84201
147.65, 83797
153.65, 81133
173.58, 80227
174.82, 79433
179.04, 77728
207.11, 77575
213.46, 76902
226.93, 76503
239.32, 76476
244.53, 76182
263.12, 75539
265.51, 75183
269.58, 74531
276.89, 74524
285.41, 73342
296.82, 73229
300.08, 73224
