0.00, 219946
0.00, 217783
0.00, 208812
0.01, 207952
0.01, 203378
0.01, 198362
0.01, 194995
0.01, 187218
0.01, 187147
0.03, 186755
0.14, 182000
0.14, 178809
0.15, 178377
0.15, 177411
0.25, 175653
0.25, 175356
0.26, 171859
0.26, 170774
0.26, 168544
0.26, 165344
0.26, 165210
0.26, 159258
0.27, 158640
0.27, 155493
0.45, 153812
0.49, 153352
0.49, 153252
0.49, 152775
0.49, 151981
0.54, 151197
0.55, 150901
0.55, 150794
0.55, 144833
0.56, 143575
0.57, 140830
0.58, 138890
0.59, 134475
0.59, 134055
0.59, 133851
0.59, 133807
0.59, 133606
0.67, 131442
0.68, 130676
0.68, 127336
0.68, 127005
0.68, 126501
0.68, 126171
0.68, 126009
0.69, 125054
0.69, 121364
0.69, 120439
0.69, 115682
0.69, 112752
0.69, 111471
0.74, 110944
0.80, 109176
0.80, 109038
0.80, 108876
0.82, 108861
0.82, 108682
0.83, 108578
0.83, 108103
0.83, 106125
0.89, 104817
0.89, 103085
0.90, 102877
0.91, 102652
0.91, 102303
0.91, 100961
0.92, 100912
0.92, 97291
0.94, 95339
0.94, 95043
0.94, 94283
0.94, 93654
0.94, 93169
0.94, 91345
0.95, 90164
1.01, 90113
1.02, 89621
1.02, 89337
1.03, 87821
1.05, 87474
1.05, 86935
1.06, 86892
1.09, 86699
1.10, 86628
1.11, 86400
1.11, 85975
1.13, 85840
1.14, 85450
1.14, 85345
1.15, 84124
1.15, 84109
1.19, 83537
1.26, 83524
1.26, 83262
1.27, 83122
1.28, 83075
1.29, 82717
1.29, 82680
1.37, 81824
1.39, 81319
1.40, 80958
1.40, 80830
1.41, 80017
1.41, 79938
1.46, 79687
1.46, 78931
1.49, 78772
1.52, 78559
1.57, 78334
1.58, 77727
1.66, 76466
1.70, 76057
1.71, 76050
1.73, 75373
1.73, 75218
1.77, 75188
1.80, 75024
1.80, 74863
1.87, 74855
1.87, 74246
1.94, 73896
1.96, 73721
2.00, 73702
2.00, 73671
2.03, 73611
2.09, 72836
