0.09, 62920
0.09, 62780
0.09, 60201
0.18, 59780
0.18, 59725
0.18, 59432
0.23, 59429
0.32, 59384
0.35, 59236
0.36, 59145
0.36, 59090
0.36, 58797
1.07, 58783
1.30, 58380
1.71, 58279
2.34, 58196
2.37, 57545
13.34, 57297
16.62, 57259
20.74, 57216
44.92, 56993
104.15, 56936
134.11, 56931
141.35, 56763
149.19, 56706
155.50, 56701
190.77, 56635
217.25, 56605
227.61, 56536
236.94, 56518
273.38, 56440
274.22, 56339
275.55, 56256
275.64, 55744
275.64, 55605
279.77, 55553
282.06, 55471
288.20, 55453
301.49, 55427
307.88, 55399
318.32, 55374
320.67, 55292
351.71, 54899
351.71, 54669
354.66, 54623
356.78, 54541
362.23, 54513
377.67, 54191
377.67, 53961
389.35, 53899
398.38, 53870
410.74, 53827
423.39, 53793
433.53, 53710
475.40, 53493
