0.00, 563393
0.01, 559979
0.01, 555448
0.01, 543718
0.02, 541373
0.02, 541162
0.02, 536971
0.02, 525342
0.03, 519430
0.03, 513638
0.03, 507909
0.03, 507280
0.04, 506466
0.04, 502617
0.04, 493712
0.06, 489666
0.06, 484961
0.06, 466687
0.06, 466265
0.06, 455800
0.07, 455730
0.07, 452279
0.07, 448830
0.07, 440956
0.07, 424750
0.07, 422253
0.07, 420115
0.07, 410876
0.10, 409380
0.10, 391309
0.10, 389579
0.10, 389503
0.10, 388638
0.10, 388077
0.53, 386764
0.53, 380680
0.53, 379409
0.53, 377955
0.53, 377875
0.55, 369170
0.55, 369024
0.55, 368652
0.55, 367305
0.56, 363914
0.56, 353394
0.56, 352262
0.57, 342339
0.57, 341698
0.58, 336329
0.58, 336288
0.58, 334868
0.58, 334194
0.58, 324201
0.59, 322593
0.59, 322448
0.61, 322431
0.68, 319740
0.69, 317863
0.69, 309289
0.69, 307543
0.70, 306732
0.70, 306138
0.70, 306011
0.73, 302910
0.76, 299032
0.76, 298087
0.77, 296853
0.77, 292826
0.77, 292513
0.78, 292259
0.79, 287746
0.79, 286809
0.80, 285886
0.80, 282705
0.81, 281427
0.81, 281181
0.81, 279505
0.81, 279026
0.82, 277142
0.82, 277121
0.86, 276352
0.86, 275385
0.86, 274855
0.87, 273996
0.89, 269534
0.89, 268679
0.95, 264425
0.95, 259352
1.02, 256065
1.03, 254907
1.03, 253612
1.04, 253195
1.04, 251498
1.04, 250748
1.04, 247348
1.04, 246458
1.06, 246016
1.06, 245774
1.06, 244748
1.07, 241678
1.07, 239567
1.09, 239054
1.10, 238822
1.10, 237868
1.10, 237543
1.10, 235300
1.11, 235096
1.14, 234229
1.15, 233118
1.15, 231703
1.15, 231695
1.15, 227896
1.16, 226887
1.20, 224804
1.21, 224717
1.22, 223378
1.22, 220636
1.23, 219835
1.24, 219715
1.30, 216913
1.34, 216410
1.35, 215505
1.37, 214968
1.40, 212884
1.42, 212464
1.42, 211471
1.42, 211072
1.43, 209098
1.45, 208661
1.46, 208472
1.46, 208444
1.47, 205834
1.49, 205003
1.50, 204293
1.50, 203848
1.50, 203000
1.53, 202688
1.53, 201636
1.54, 201438
1.63, 200396
1.65, 200256
1.65, 200162
1.67, 199793
1.68, 198084
1.69, 197870
1.79, 197715
1.80, 195911
1.81, 194750
1.85, 193880
1.87, 192754
1.89, 191049
1.90, 190492
1.94, 189547
1.95, 185780
1.95, 184380
1.96, 183794
1.96, 183777
1.97, 182868
1.98, 182848
2.05, 182746
2.11, 181894
2.17, 181758
2.17, 181559
2.19, 180678
2.20, 180551
2.30, 180119
2.33, 178253
2.33, 177524
2.34, 177334
2.35, 176972
2.42, 176722
2.44, 174507
2.46, 174480
2.48, 174191
2.58, 174145
2.59, 173990
2.63, 173749
2.65, 173526
2.66, 172608
2.71, 171843
2.80, 171576
2.83, 171262
2.85, 170540
2.86, 170257
2.89, 169656
2.90, 169422
3.16, 168956
3.17, 168948
