0.32, 461772
0.96, 445083
1.75, 439987
3.46, 438774
4.41, 436312
4.71, 419391
7.44, 418507
7.75, 408842
7.90, 393760
9.83, 392178
11.19, 388947
13.38, 378522
15.06, 375518
16.00, 372886
16.49, 367826
17.72, 365699
17.90, 364936
18.51, 356019
29.15, 354032
33.54, 353869
35.63, 352727
36.79, 348454
45.67, 346881
45.83, 345162
49.21, 341448
50.74, 340187
54.07, 337485
58.20, 327752
74.58, 323505
95.30, 321672
98.60, 317999
113.59, 315662
114.51, 312200
130.65, 310505
135.59, 305868
138.53, 304214
138.69, 302812
139.49, 301111
141.19, 300690
150.66, 298830
155.89, 292061
174.05, 290193
191.49, 289823
194.61, 289703
194.78, 285202
199.93, 271996
222.00, 268389
222.82, 267264
228.92, 261015
251.23, 260879
252.54, 256389
259.84, 255424
263.26, 250267
269.87, 248882
311.33, 244313
