0.27, 6417744
0.63, 6233297
0.77, 6224182
0.90, 5608113
2.86, 5473037
3.28, 5410060
4.84, 5265986
6.01, 5212326
6.52, 5073889
7.95, 5034162
9.45, 4969872
13.38, 4866652
13.76, 4678054
18.23, 4640210
19.29, 4628693
21.48, 4578773
22.63, 4566156
27.09, 4539817
30.92, 4480594
32.63, 4245452
41.10, 4206649
41.72, 4176399
48.12, 3993431
56.89, 3971826
57.77, 3839408
59.39, 3716951
70.29, 3622951
78.99, 3621081
84.60, 3606300
89.59, 3563892
92.80, 3516040
98.25, 3338153
141.13, 3261031
160.02, 3242791
160.85, 3215992
166.94, 3171009
208.47, 3083125
208.62, 3079774
209.91, 2984123
237.28, 2970755
243.82, 2962808
248.02, 2952192
256.79, 2945484
263.23, 2921030
277.93, 2904799
279.94, 2726725
305.71, 2660163
