0.00, 6996089
0.01, 6987673
0.01, 6943903
0.01, 6877659
0.01, 6823206
0.01, 6748580
0.01, 6745359
0.01, 6700422
0.01, 6687238
0.01, 6674598
0.01, 6652455
0.01, 6626740
0.01, 6549006
0.02, 6545605
0.02, 6242693
0.02, 6189622
0.02, 6187588
0.03, 6185368
0.03, 6173449
0.03, 6152188
0.03, 6132578
0.03, 6090303
0.03, 6024799
0.03, 5992097
0.03, 5930111
0.04, 5910905
0.04, 5883668
0.04, 5849443
0.04, 5819344
0.04, 5792038
0.04, 5722625
0.04, 5714403
0.05, 5629154
0.05, 5620010
0.05, 5615348
0.05, 5595623
0.05, 5567548
0.05, 5498420
0.05, 5494798
0.05, 5454631
0.05, 5454565
0.05, 5403454
0.06, 5389441
0.06, 5266311
0.06, 5258205
0.06, 5234323
0.06, 5134780
0.07, 5116125
0.07, 5108501
0.07, 4940111
0.07, 4880859
0.07, 4834790
0.08, 4833865
0.08, 4804650
0.08, 4769108
0.08, 4766004
0.08, 4597424
0.08, 4573609
0.08, 4555875
0.08, 4535022
0.09, 4527362
0.09, 4524792
0.10, 4455051
0.10, 4431540
0.10, 4407926
0.11, 4390406
0.11, 4382083
0.11, 4371910
0.11, 4356303
0.11, 4353257
0.11, 4352148
0.11, 4336675
0.12, 4330625
0.13, 4295603
0.13, 4293054
0.14, 4292410
0.15, 4241994
0.15, 4241666
0.15, 4241226
0.15, 4231265
0.15, 4205693
0.16, 4198542
0.16, 4181571
0.17, 4129967
0.17, 4124787
0.17, 4106106
0.17, 4077208
0.18, 4045881
0.18, 4031565
0.19, 4024923
0.19, 3979784
0.20, 3976306
0.20, 3933174
0.21, 3933102
0.21, 3888586
0.21, 3888079
0.22, 3882737
0.23, 3878478
0.24, 3857190
0.24, 3845348
0.24, 3841962
0.28, 3787821
0.28, 3768914
0.28, 3704421
0.28, 3639645
0.29, 3635265
0.29, 3630441
0.30, 3614491
0.31, 3577619
0.31, 3448959
0.34, 3438841
0.34, 3428540
0.35, 3418331
0.35, 3410350
0.36, 3259398
0.38, 3258588
0.38, 3234423
0.39, 3230471
0.40, 3227325
0.40, 3202279
0.40, 3199589
0.41, 3134736
0.42, 3117946
0.43, 3106703
0.43, 3072822
0.43, 3036738
0.47, 3005326
0.47, 2998651
0.47, 2963322
0.47, 2960525
0.48, 2945473
0.49, 2889137
0.51, 2888504
0.54, 2874984
0.56, 2874685
0.56, 2838761
0.57, 2834784
0.62, 2834672
0.62, 2823573
0.64, 2822335
0.68, 2814343
0.69, 2802200
0.70, 2791926
0.71, 2789944
0.73, 2771158
0.75, 2770730
0.77, 2754398
0.81, 2748980
0.84, 2746216
0.87, 2745501
0.87, 2744382
0.87, 2723289
0.87, 2720259
0.88, 2716351
0.88, 2713857
0.93, 2713221
0.94, 2709264
0.98, 2708123
1.01, 2698133
1.04, 2697389
1.18, 2692889
1.20, 2657841
1.23, 2655671
1.26, 2655608
1.37, 2635997
1.38, 2634865
1.40, 2634314
1.44, 2624734
1.45, 2623900
1.53, 2621893
1.54, 2619712
1.68, 2618914
1.74, 2614464
1.75, 2612319
2.03, 2601595
2.09, 2599903
2.11, 2598956
2.14, 2597856
2.14, 2594573
2.14, 2592184
2.17, 2592151
2.40, 2589226
2.47, 2586709
2.47, 2582063
2.47, 2581939
2.51, 2581605
2.52, 2569310
2.57, 2548292
