0.00, 3995684
0.00, 3963427
0.00, 3879713
0.00, 3689945
0.00, 3671107
0.00, 3661354
0.01, 3642022
0.01, 3564500
0.01, 3521577
0.01, 3521125
0.01, 3502021
0.01, 3171167
0.01, 3167317
0.01, 2877134
0.02, 2861876
0.02, 2717033
0.02, 2683810
0.02, 2648138
0.02, 2610066
0.02, 2603719
0.02, 2587255
0.02, 2552716
0.02, 2530199
0.02, 2220797
0.02, 2209845
0.02, 2169848
0.02, 2157487
0.02, 2146142
0.03, 2143643
0.03, 2135409
0.04, 2122885
0.04, 2119433
0.04, 2119379
0.04, 2116360
0.04, 2111208
0.04, 2074427
0.04, 2062652
0.04, 2060541
0.04, 2051328
0.05, 2034995
0.05, 2033441
0.06, 2032248
0.06, 2031039
0.06, 2027847
0.06, 2023030
0.10, 2022105
0.10, 1980122
0.11, 1975500
0.11, 1975485
0.12, 1975442
0.13, 1962510
0.13, 1952879
0.13, 1944356
0.14, 1934909
0.15, 1929895
0.15, 1921134
0.16, 1911503
0.16, 1908902
0.16, 1907421
0.17, 1904118
0.21, 1899734
0.21, 1887207
0.24, 1881718
0.24, 1880582
0.25, 1873374
0.26, 1869282
0.27, 1855007
0.31, 1853030
0.32, 1852932
0.32, 1851524
0.34, 1848466
0.35, 1846269
0.36, 1845528
0.38, 1845165
0.40, 1844809
0.44, 1831863
0.51, 1824121
0.53, 1819513
0.56, 1796585
