0.11, 3384783
0.17, 3326695
0.23, 3184042
0.28, 3097083
0.34, 2732617
0.64, 2586058
1.04, 2569561
1.51, 2548217
1.69, 2524998
1.98, 2464593
2.04, 2462622
2.24, 2153332
2.49, 2137625
2.62, 2075297
3.06, 2062200
3.12, 2058883
3.70, 2011317
4.29, 2007753
4.36, 1925751
4.98, 1917941
5.05, 1762972
6.74, 1718577
7.83, 1702461
11.20, 1658164
13.25, 1621541
13.43, 1571745
14.39, 1553655
15.78, 1551281
17.31, 1547558
18.24, 1546173
20.29, 1536944
22.39, 1530808
22.52, 1529426
22.71, 1528266
23.02, 1525981
23.46, 1518613
24.14, 1511179
27.87, 1509009
28.46, 1508374
29.23, 1503203
29.66, 1495633
31.03, 1487611
36.81, 1483908
37.55, 1474408
41.31, 1466064
54.17, 1460445
60.71, 1433953
65.62, 1429584
114.75, 1418663
116.11, 1412072
116.63, 1395981
