0.00, 6972483
0.01, 6943388
0.02, 6940805
0.02, 6895950
0.02, 6892045
0.03, 6890945
0.03, 6885204
0.04, 6878187
0.04, 6858967
0.05, 6838148
0.06, 6820946
0.06, 6803649
0.07, 6772610
0.07, 6772586
0.08, 6713273
0.08, 6672046
0.08, 6667705
0.09, 6652675
0.09, 6651242
0.09, 6641006
0.09, 6635744
0.10, 6634616
0.10, 6625902
0.10, 6615647
0.12, 6604506
0.12, 6580030
0.12, 6480489
0.13, 6463360
0.13, 6460355
0.14, 6451961
0.14, 6450511
0.19, 6384266
0.19, 6381152
0.19, 6306693
0.19, 6303602
0.20, 6291865
0.20, 6288745
0.21, 6269658
0.21, 6250809
0.21, 6246249
0.22, 6243791
0.22, 6213965
0.24, 6204625
0.24, 6196581
0.25, 6185334
0.25, 6159904
0.25, 6119366
0.25, 6114420
0.26, 6052389
0.26, 6039436
0.26, 6007996
0.27, 5964092
0.27, 5902149
0.28, 5890849
0.29, 5887423
0.29, 5863288
0.30, 5845344
0.30, 5839600
0.30, 5836762
0.31, 5836649
0.32, 5822254
0.32, 5800798
0.32, 5792895
0.33, 5779828
0.34, 5779503
0.36, 5764209
0.36, 5762578
0.37, 5746985
0.37, 5673785
0.37, 5650785
0.38, 5616005
0.38, 5603604
0.38, 5592614
0.39, 5587213
0.39, 5563821
0.41, 5531127
0.41, 5530839
0.43, 5521617
0.44, 5516694
0.45, 5503616
0.45, 5493340
0.46, 5487706
0.48, 5477503
0.49, 5464046
0.49, 5458531
0.52, 5450991
0.52, 5450300
0.53, 5419817
0.53, 5413829
0.54, 5411774
0.54, 5411489
0.54, 5408616
0.55, 5405680
0.58, 5404011
0.58, 5391965
0.59, 5390746
0.59, 5389732
0.59, 5337983
0.60, 5328756
0.60, 5310609
0.60, 5306496
0.61, 5249920
0.62, 5122833
0.63, 5083914
0.64, 5069953
0.64, 5069826
0.65, 5068909
0.65, 5064489
0.65, 5064121
0.66, 5060450
0.66, 5060177
0.66, 5028667
0.67, 5028466
0.68, 5010133
0.70, 4986494
0.71, 4975161
0.71, 4964257
0.71, 4963385
0.74, 4898267
0.76, 4891453
0.76, 4881600
0.78, 4868230
0.78, 4860906
0.78, 4853551
0.79, 4848340
0.79, 4847755
0.80, 4847708
0.80, 4833138
0.81, 4831469
0.81, 4739478
0.82, 4736616
0.83, 4736329
0.83, 4719876
0.84, 4709470
0.84, 4704531
0.86, 4701378
0.86, 4685057
0.88, 4628142
0.92, 4609395
0.92, 4601458
0.93, 4593466
0.94, 4591570
0.94, 4586950
0.95, 4582628
0.96, 4581363
0.99, 4572996
1.00, 4572611
1.02, 4551538
1.02, 4547172
1.04, 4480185
1.04, 4479714
1.05, 4479562
1.06, 4472086
1.10, 4469029
1.10, 4468486
1.10, 4465821
1.11, 4465291
1.13, 4438333
1.14, 4422257
1.14, 4421631
1.15, 4420704
1.15, 4415619
1.16, 4415464
1.16, 4409361
1.17, 4407994
1.18, 4405491
1.18, 4402590
1.19, 4399087
1.20, 4396709
1.23, 4395824
1.25, 4377172
1.26, 4370716
1.26, 4367067
1.34, 4365235
1.36, 4362265
1.39, 4341697
1.40, 4336227
1.41, 4328840
1.43, 4327750
1.44, 4325474
1.44, 4324972
1.45, 4323182
1.45, 4322913
1.46, 4319898
1.46, 4314532
1.47, 4311689
1.47, 4287255
1.48, 4256429
1.48, 4254521
1.49, 4249727
1.50, 4241822
1.50, 4241605
1.52, 4210309
1.53, 4208243
1.55, 4204627
1.55, 4202248
1.56, 4196811
1.56, 4189291
1.57, 4184602
1.57, 4183187
1.60, 4183045
1.60, 4152453
1.61, 4150452
1.61, 4149880
1.61, 4146198
1.62, 4145685
1.62, 4137690
1.62, 4133672
1.63, 4118942
1.63, 4116201
1.65, 4114444
1.66, 4107250
1.66, 4106046
1.67, 4100922
1.69, 4098613
1.70, 4046266
1.71, 4041943
1.71, 4026237
1.74, 4026180
1.76, 4024644
1.77, 4019295
1.78, 4010057
1.79, 4009373
1.83, 4005750
1.85, 4001531
1.85, 3994168
1.86, 3976912
1.86, 3965094
1.87, 3961048
1.89, 3931286
1.89, 3874862
1.90, 3868517
1.91, 3857737
1.91, 3856298
1.91, 3846163
1.92, 3833791
1.93, 3828047
1.97, 3816080
1.97, 3816073
1.98, 3812256
1.99, 3806684
2.00, 3805506
2.01, 3799608
2.11, 3797739
2.13, 3775123
2.13, 3767985
2.15, 3766983
2.16, 3765457
2.16, 3757094
2.17, 3738675
2.17, 3738558
2.18, 3717534
2.18, 3717521
2.19, 3713672
2.20, 3711834
2.22, 3709865
2.23, 3708528
2.23, 3708351
2.24, 3704122
2.25, 3685541
2.26, 3683996
2.27, 3678789
2.27, 3675821
2.29, 3673182
2.30, 3668479
2.30, 3662019
2.36, 3655827
2.37, 3654792
2.39, 3652378
2.40, 3648507
2.41, 3615555
2.43, 3598178
2.43, 3571933
2.47, 3562123
2.47, 3524236
2.48, 3523803
2.49, 3512164
2.50, 3474682
2.50, 3466380
2.51, 3465899
2.52, 3460553
2.53, 3460421
2.53, 3458628
2.55, 3453624
2.56, 3451480
2.58, 3450393
2.60, 3448575
2.61, 3447332
2.62, 3443893
2.63, 3429110
2.66, 3426579
2.68, 3424606
2.71, 3418161
2.71, 3414891
2.75, 3414847
2.78, 3413525
2.78, 3412755
2.79, 3410711
2.80, 3408750
2.80, 3375600
2.82, 3374016
2.83, 3372046
2.86, 3369032
2.86, 3361355
2.87, 3358703
2.88, 3354273
2.89, 3350857
2.91, 3349919
2.93, 3344486
2.94, 3341987
2.96, 3318615
2.96, 3303147
3.04, 3301433
3.04, 3300958
3.06, 3300450
3.06, 3297881
3.09, 3293523
3.11, 3289184
3.12, 3288647
3.13, 3288292
3.14, 3287989
3.14, 3265090
3.14, 3264034
3.15, 3263564
3.19, 3261272
3.21, 3258407
3.23, 3255868
3.25, 3251381
3.25, 3247623
3.28, 3246888
3.29, 3244653
3.30, 3241428
3.36, 3240928
3.39, 3232396
3.44, 3232057
3.44, 3231420
3.45, 3230080
3.46, 3218791
3.47, 3216029
3.49, 3215911
3.51, 3209461
3.53, 3208635
3.53, 3208128
3.56, 3191343
3.59, 3189786
3.62, 3187995
3.66, 3186064
3.67, 3185976
3.68, 3184155
3.69, 3159069
3.70, 3156667
3.70, 3091581
3.71, 3091096
3.71, 3088886
3.72, 3086660
3.75, 3086092
3.80, 3076578
3.82, 3075258
3.83, 3067278
3.87, 3064387
3.88, 2998603
3.93, 2998186
3.95, 2993485
3.97, 2992093
3.97, 2992036
4.00, 2987534
4.03, 2980748
4.03, 2975964
4.05, 2973952
4.06, 2973178
4.06, 2973149
4.07, 2971323
4.08, 2967609
4.12, 2958485
4.12, 2957018
4.14, 2955121
4.16, 2952546
4.17, 2946115
4.18, 2944039
4.23, 2943692
4.30, 2942372
4.31, 2934032
4.33, 2929880
4.34, 2928228
4.38, 2927985
4.38, 2927866
4.41, 2926211
4.44, 2881236
4.44, 2879548
4.47, 2877771
4.49, 2875658
4.50, 2875217
4.51, 2860189
4.53, 2843123
4.55, 2841191
4.58, 2838847
4.59, 2834140
4.59, 2831593
4.60, 2828717
4.62, 2827941
4.67, 2827939
4.69, 2822142
4.72, 2821297
4.74, 2817392
4.79, 2817313
4.90, 2816959
4.90, 2816618
4.94, 2814576
4.97, 2807939
5.00, 2802863
5.01, 2802777
5.09, 2799093
5.10, 2796556
5.14, 2775005
5.18, 2774989
5.23, 2756035
5.25, 2722001
5.27, 2721035
5.34, 2716233
5.36, 2715057
5.37, 2714944
5.40, 2699935
5.40, 2698379
5.41, 2697652
5.43, 2676360
5.48, 2673504
5.52, 2673215
5.53, 2667482
5.58, 2667446
5.60, 2665920
5.63, 2664473
5.64, 2663846
5.65, 2658658
5.65, 2656471
5.66, 2656176
5.70, 2655376
5.71, 2651091
5.73, 2650064
5.78, 2649361
5.82, 2644331
5.84, 2640972
5.84, 2634983
5.90, 2634884
5.93, 2634536
5.94, 2631427
5.99, 2631115
6.04, 2613749
6.06, 2613485
6.08, 2610585
6.10, 2610257
6.19, 2609096
6.19, 2608846
6.20, 2608695
6.21, 2607663
6.26, 2606225
6.37, 2605635
6.37, 2605422
6.43, 2604731
6.44, 2604197
6.46, 2602832
6.49, 2602086
6.53, 2600989
6.61, 2600863
6.62, 2598711
6.62, 2597852
6.69, 2597654
6.83, 2596180
6.89, 2595239
6.91, 2595065
6.91, 2595064
6.94, 2592327
6.94, 2585426
6.97, 2576768
6.97, 2573940
6.99, 2571592
7.21, 2568732
7.33, 2567236
7.33, 2566835
7.40, 2565768
7.40, 2565300
7.42, 2564748
7.44, 2561969
7.46, 2561950
7.46, 2555420
7.48, 2553968
7.51, 2553468
7.56, 2552718
7.58, 2535588
7.59, 2534141
7.72, 2531716
7.81, 2530959
7.82, 2530105
7.82, 2528635
7.85, 2524848
7.89, 2517313
7.92, 2513653
8.04, 2510046
8.10, 2509275
8.11, 2508966
8.12, 2505824
8.14, 2492353
8.24, 2490259
8.24, 2489864
8.30, 2482716
8.31, 2470905
8.34, 2470245
8.36, 2467841
8.37, 2466724
8.49, 2465740
8.50, 2465098
8.53, 2451896
8.57, 2451112
