0.00, 5703674
0.00, 5634851
0.00, 5549590
0.00, 5499916
0.00, 5498223
0.01, 5312401
0.01, 5285340
0.01, 5284176
0.01, 5205507
0.02, 5167681
0.02, 5114598
0.02, 5048824
0.02, 5034673
0.02, 5005408
0.02, 4995598
0.03, 4976498
0.03, 4972444
0.03, 4932555
0.03, 4843502
0.04, 4838506
0.04, 4828403
0.04, 4796327
0.04, 4751540
0.04, 4717975
0.04, 4678038
0.04, 4589228
0.05, 4588301
0.06, 4541428
0.06, 4538745
0.06, 4538673
0.06, 4494625
0.07, 4441021
0.07, 4424463
0.07, 4419847
0.07, 4341184
0.07, 4323821
0.07, 4212139
0.08, 4189742
0.08, 4154571
0.08, 4140619
0.09, 4136801
0.09, 4125962
0.09, 4121962
0.09, 4084446
0.10, 4066779
0.10, 4046756
0.10, 3986687
0.10, 3973223
0.11, 3953960
0.11, 3894198
0.11, 3881606
0.12, 3859863
0.12, 3781583
0.12, 3760716
0.13, 3744547
0.13, 3700582
0.14, 3662659
0.14, 3660902
0.14, 3657276
0.15, 3620996
0.15, 3591590
0.15, 3507360
0.15, 3503556
0.15, 3487100
0.16, 3485272
0.16, 3416479
0.16, 3372105
0.17, 3371636
0.17, 3365968
0.17, 3313355
0.17, 3311323
0.18, 3296508
0.18, 3291383
0.18, 3285611
0.19, 3276503
0.19, 3246203
0.20, 3241610
0.20, 3223011
0.21, 3219849
0.21, 3218897
0.22, 3210583
0.22, 3209009
0.23, 3194870
0.23, 3179232
0.24, 3165104
0.24, 3146550
0.24, 3116853
0.24, 3088189
0.26, 3068599
0.27, 2987015
0.29, 2945521
0.29, 2905584
0.30, 2894379
0.30, 2881139
0.31, 2873281
0.32, 2859488
0.32, 2858832
0.34, 2856454
0.37, 2831642
0.38, 2830682
0.38, 2813324
0.38, 2812082
0.39, 2810917
0.39, 2791967
0.40, 2734879
0.42, 2729213
0.42, 2717365
0.43, 2705547
0.43, 2675352
0.43, 2660106
0.44, 2656660
0.44, 2646051
0.45, 2643911
0.45, 2632709
0.45, 2630786
0.47, 2628162
0.52, 2614399
0.52, 2579057
0.58, 2570017
0.59, 2568438
0.59, 2554867
0.59, 2542638
0.60, 2539330
0.61, 2520384
0.63, 2508972
0.64, 2493038
0.64, 2490927
0.64, 2487012
0.65, 2484661
0.65, 2483411
0.65, 2470412
0.68, 2465143
0.68, 2451716
0.69, 2451205
0.71, 2447365
0.71, 2446463
0.73, 2423975
0.75, 2415275
0.76, 2410234
0.76, 2395046
0.77, 2380898
0.77, 2380034
0.78, 2377162
0.78, 2371323
0.78, 2359661
0.80, 2359068
0.81, 2351710
0.82, 2351565
0.82, 2351144
0.83, 2341566
0.84, 2340104
0.85, 2339897
0.85, 2317573
0.85, 2303171
0.86, 2292230
0.86, 2282637
0.86, 2281969
0.87, 2280508
0.90, 2273405
0.91, 2271494
0.92, 2265422
0.93, 2263759
0.95, 2262796
0.97, 2243487
0.97, 2242304
0.98, 2230766
1.00, 2228556
1.01, 2228034
1.01, 2217082
1.01, 2216612
1.03, 2202619
1.05, 2191789
1.08, 2172760
1.09, 2148276
1.12, 2136649
1.14, 2123300
1.16, 2114577
1.17, 2114502
1.17, 2109307
1.23, 2104906
1.23, 2100132
1.26, 2087390
1.30, 2074706
1.32, 2070319
1.34, 2056063
1.35, 2054982
1.42, 2054923
1.43, 2046224
1.51, 2045021
1.52, 2014318
1.57, 2010152
1.63, 2010019
1.66, 2006730
1.67, 2002532
1.68, 1997088
1.73, 1996945
1.74, 1992015
1.74, 1982900
1.76, 1982809
1.79, 1982136
1.80, 1980629
1.81, 1977424
1.83, 1974884
1.84, 1972607
1.84, 1970961
1.91, 1968128
1.92, 1965327
1.94, 1965002
2.01, 1962148
2.08, 1955107
2.13, 1952289
2.14, 1926807
2.15, 1926546
2.33, 1924540
2.34, 1922452
2.43, 1922288
2.56, 1885646
2.62, 1885280
2.65, 1868940
2.67, 1865573
2.67, 1839115
2.78, 1835509
2.80, 1835386
2.86, 1833827
2.88, 1821847
2.89, 1820376
2.92, 1810600
3.09, 1804748
3.14, 1797466
3.19, 1790814
3.25, 1784674
3.29, 1776600
3.30, 1764406
3.35, 1764302
3.36, 1763621
3.38, 1762744
3.39, 1758556
