1.32, 1386622
1.46, 1359922
1.48, 1359780
1.51, 1359116
1.52, 1358974
2.00, 1356464
2.03, 1356322
2.27, 1351965
2.30, 1351823
2.83, 1344487
2.96, 1343194
3.27, 1341038
5.05, 1335143
6.33, 1334990
6.34, 1334748
6.47, 1333525
7.90, 1292744
7.93, 1292602
7.96, 1291938
7.96, 1291796
9.21, 1289162
9.25, 1279267
9.26, 1279256
9.56, 1242456
9.60, 1226332
10.73, 1225607
61.66, 1222309
63.23, 1221088
73.93, 1220883
218.39, 1220333
218.55, 1220319
238.86, 1220128
239.04, 1220114
