0.00, 10404433
0.00, 10391562
0.00, 10272121
0.01, 10257387
0.01, 10244665
0.01, 10232855
0.01, 10135811
0.01, 10133192
0.02, 9880855
0.02, 9703794
0.02, 9556165
0.02, 9487028
0.02, 9395558
0.02, 9353518
0.03, 9349549
0.03, 9292611
0.03, 9290844
0.03, 9186404
0.03, 9139519
0.03, 9091964
0.03, 8922130
0.04, 8917328
0.04, 8890927
0.04, 8795513
0.04, 8741202
0.04, 8675308
0.05, 8655370
0.05, 8651570
0.05, 8587859
0.05, 8565185
0.06, 8551946
0.06, 8377285
0.06, 8356785
0.07, 8331705
0.07, 8298012
0.07, 8195899
0.07, 8025597
0.07, 7970999
0.07, 7886430
0.08, 7869583
0.08, 7853255
0.08, 7760864
0.08, 7754371
0.09, 7749164
0.09, 7729926
0.09, 7637171
0.09, 7615887
0.09, 7554812
0.10, 7533713
0.10, 7530628
0.10, 7525707
0.10, 7521566
0.10, 7510456
0.11, 7498042
0.11, 7485698
0.11, 7456018
0.12, 7392424
0.12, 7368225
0.12, 7362978
0.12, 7362851
0.13, 7297889
0.13, 7286173
0.13, 7284758
0.13, 7167953
0.14, 7093979
0.14, 7081430
0.15, 7062917
0.15, 7049141
0.16, 7046735
0.16, 7041721
0.17, 6798233
0.17, 6795856
0.17, 6787586
0.17, 6785122
0.17, 6781947
0.18, 6774194
0.18, 6768023
0.18, 6719575
0.19, 6593529
0.19, 6583078
0.20, 6571254
0.20, 6516198
0.20, 6510076
0.21, 6456790
0.21, 6420696
0.22, 6323613
0.22, 6312487
0.22, 6311413
0.23, 6274456
0.23, 6263804
0.23, 6263453
0.23, 6242610
0.24, 6198669
0.25, 6107843
0.25, 6104596
0.26, 6087274
0.26, 6076718
0.26, 6051651
0.26, 5812073
0.26, 5811364
0.27, 5794796
0.27, 5792907
0.27, 5777888
0.27, 5769671
0.29, 5768161
0.29, 5700843
0.30, 5671248
0.30, 5649766
0.30, 5645592
0.31, 5629534
0.31, 5551125
0.31, 5493860
0.31, 5489324
0.32, 5486479
0.32, 5476274
0.32, 5474661
0.33, 5471028
0.33, 5441511
0.33, 5401219
0.33, 5400839
0.34, 5381351
0.34, 5373183
0.34, 5344084
0.34, 5338365
0.35, 5332633
0.36, 5321315
0.36, 5288758
0.36, 5287820
0.36, 5286921
0.38, 5258437
0.38, 5145500
0.38, 5142322
0.39, 5115550
0.39, 5109238
0.39, 5105944
0.39, 5091395
0.39, 5046157
0.41, 5003359
0.41, 5001989
0.41, 4973481
0.41, 4942378
0.42, 4939924
0.42, 4927040
0.44, 4919138
0.44, 4909169
0.44, 4908799
0.45, 4908086
0.45, 4892089
0.46, 4887294
0.46, 4873562
0.47, 4865842
0.48, 4739969
0.49, 4736382
0.49, 4736110
0.50, 4732236
0.52, 4687426
0.53, 4685687
0.53, 4683354
0.53, 4672178
0.53, 4664119
0.54, 4662874
0.55, 4521626
0.57, 4493091
0.57, 4484716
0.57, 4481884
0.58, 4475108
0.61, 4451540
0.61, 4394873
0.61, 4393993
0.62, 4365601
0.63, 4308118
0.66, 4305976
0.66, 4305336
0.67, 4304627
0.67, 4278945
0.69, 4278652
0.70, 4228354
0.72, 4224094
0.75, 4223995
0.76, 4222840
0.77, 4220926
0.79, 4212008
0.80, 4210186
0.80, 4188013
0.81, 4185398
0.83, 4165483
0.84, 4153210
0.85, 4099272
0.85, 4096315
0.86, 4068630
0.87, 4049591
0.88, 4048142
0.88, 4016026
0.89, 3999399
0.90, 3977644
0.92, 3963032
0.92, 3961770
0.93, 3952607
0.93, 3948350
0.93, 3944379
0.94, 3941467
0.94, 3939543
0.95, 3935283
0.95, 3923447
0.96, 3916854
0.97, 3915769
0.97, 3902780
1.01, 3901850
1.04, 3892966
1.04, 3888311
1.05, 3887765
1.06, 3869728
1.09, 3867811
1.09, 3865593
1.10, 3857420
1.10, 3855531
1.10, 3838268
1.12, 3827508
1.12, 3826667
1.12, 3775267
1.13, 3758593
1.14, 3713298
1.16, 3707126
1.17, 3649137
1.18, 3568002
1.19, 3559085
1.21, 3510444
1.22, 3477910
1.23, 3477594
1.23, 3470445
1.23, 3450170
1.26, 3444867
1.26, 3437483
1.28, 3429307
1.31, 3419189
1.31, 3411511
1.32, 3409365
1.32, 3406607
1.33, 3405976
1.34, 3404553
1.36, 3378803
1.38, 3377534
1.38, 3373135
1.38, 3371813
1.40, 3364137
1.42, 3363489
1.43, 3357849
1.44, 3346026
1.48, 3338861
1.49, 3338560
1.50, 3326417
1.50, 3326131
1.54, 3326022
1.55, 3322978
1.57, 3322054
1.58, 3301861
1.62, 3295115
1.65, 3292626
1.66, 3282441
1.69, 3277283
1.71, 3255030
1.72, 3250595
1.72, 3250454
1.74, 3248109
1.75, 3246660
1.78, 3214067
1.78, 3213972
1.79, 3209943
1.79, 3200291
1.81, 3200208
1.81, 3198608
1.83, 3183994
1.83, 3156255
1.86, 3138643
1.89, 3118602
1.93, 3115992
1.95, 3115679
1.97, 3112969
1.98, 3112033
2.00, 3107452
2.00, 3107395
2.02, 3099751
2.02, 3084122
2.10, 3081527
2.10, 3080747
2.13, 3077324
2.14, 3071948
2.19, 3070853
2.23, 3070768
2.24, 3070562
2.25, 3070352
2.31, 3042391
2.34, 3028862
2.38, 3028628
2.38, 3027719
2.54, 3025552
2.57, 3023991
2.59, 2965806
2.60, 2965603
2.61, 2961956
2.66, 2950979
2.67, 2946808
2.73, 2946740
2.74, 2945280
2.75, 2925814
2.76, 2924733
2.76, 2913273
2.79, 2911711
2.85, 2903235
2.87, 2899046
2.91, 2884211
2.94, 2877242
2.96, 2867443
3.00, 2863683
3.00, 2862044
3.13, 2857642
3.17, 2851087
3.20, 2847931
3.20, 2845786
3.26, 2840545
3.30, 2840437
3.33, 2839433
3.34, 2833287
3.35, 2822307
3.35, 2820238
3.36, 2820228
3.39, 2813989
3.40, 2794548
3.44, 2792437
3.46, 2791387
3.78, 2791362
3.79, 2790362
3.83, 2789914
3.83, 2783742
3.84, 2771690
3.87, 2763257
3.87, 2755230
3.89, 2754684
3.92, 2754286
3.94, 2753619
3.96, 2752121
3.98, 2738672
4.04, 2738021
