0.01, 737925
0.01, 732882
0.01, 726580
0.01, 725999
0.02, 706473
0.02, 697068
0.02, 689896
0.06, 673152
0.06, 668470
0.07, 623975
0.07, 614968
0.07, 608675
0.08, 607410
0.15, 599915
0.16, 598672
0.17, 596188
0.17, 595680
0.17, 592718
0.17, 589644
0.17, 589193
0.17, 587964
0.18, 583463
0.18, 582458
0.18, 581654
0.19, 576990
0.19, 576334
0.19, 569906
0.19, 561546
0.25, 559837
0.25, 558899
0.25, 551866
0.26, 549801
0.26, 545793
0.26, 545097
0.26, 535117
0.27, 531844
0.27, 529324
0.28, 528012
0.38, 523654
0.38, 522679
0.38, 519480
0.38, 514410
0.39, 507467
0.39, 502636
0.39, 497806
0.40, 493280
0.40, 491734
0.41, 489090
0.41, 488374
0.42, 488340
0.42, 484010
0.42, 483737
0.60, 478773
0.60, 475177
0.61, 470820
0.71, 462184
0.71, 461979
0.72, 460615
0.73, 459864
0.74, 457151
0.74, 456203
0.75, 454184
0.75, 452912
0.75, 448951
0.76, 448272
0.76, 448035
0.76, 446182
0.80, 440672
0.85, 438218
0.85, 431990
0.85, 431988
0.85, 431662
0.85, 429331
0.85, 427440
0.86, 426541
0.87, 425213
0.87, 423508
0.87, 423197
0.89, 422779
0.89, 421058
0.89, 418489
0.91, 416615
0.91, 415352
0.91, 410780
0.92, 408058
0.92, 406967
0.92, 404104
0.92, 403904
0.92, 402186
1.11, 396124
1.13, 392107
1.19, 391853
1.19, 390656
1.20, 390447
1.20, 386675
1.20, 385462
1.21, 382688
1.22, 375467
1.23, 373644
1.23, 369574
1.24, 369197
1.24, 367452
1.24, 367234
1.25, 366815
1.25, 363141
1.31, 362254
1.32, 356535
1.33, 356100
1.35, 354164
1.35, 353259
1.35, 351248
1.37, 350661
1.37, 350043
1.37, 348522
1.37, 347651
1.38, 346646
1.39, 346217
1.39, 345212
1.40, 344929
1.40, 339870
1.42, 338161
1.44, 338070
1.44, 336069
1.62, 335546
1.63, 335391
1.63, 332030
1.75, 331841
1.75, 331067
1.78, 331000
1.78, 330681
1.79, 330172
1.81, 329743
1.81, 329599
1.81, 326005
1.83, 325922
1.87, 325098
1.89, 325055
1.91, 323574
1.91, 323502
1.92, 323432
1.92, 323196
1.93, 323123
1.94, 321156
1.94, 321152
1.96, 320634
1.96, 320276
1.97, 320249
1.99, 320189
2.01, 318948
2.02, 318943
2.03, 317885
2.04, 312606
2.05, 312423
2.07, 312368
2.08, 311797
2.08, 311198
2.09, 310128
2.11, 308446
2.11, 307825
2.16, 307717
2.18, 307695
2.18, 307282
2.19, 305784
2.20, 305622
2.23, 305509
2.23, 304687
2.26, 302549
2.26, 302369
2.27, 301681
2.28, 300673
2.28, 299845
2.29, 299580
2.30, 299253
2.34, 296346
2.37, 295816
2.41, 295601
2.45, 293520
2.45, 293380
2.48, 290567
2.53, 290465
2.54, 290119
2.55, 290054
2.56, 290013
2.64, 289788
2.66, 289636
2.82, 287743
2.83, 287476
2.84, 286826
2.85, 286821
2.85, 286703
2.93, 286487
2.95, 286477
2.96, 283470
2.98, 282861
2.98, 282812
2.99, 278675
3.03, 277362
3.03, 275069
3.06, 274623
3.14, 273630
3.18, 272791
3.20, 272433
3.32, 271861
3.34, 269027
3.38, 265822
3.42, 265787
3.44, 265625
3.48, 262709
3.51, 259310
3.52, 258094
3.55, 256850
3.58, 256738
3.61, 256714
3.63, 256305
3.64, 256290
3.66, 256053
3.67, 255826
3.67, 255561
3.68, 255259
3.71, 254747
3.75, 254661
3.75, 254345
3.75, 254137
3.76, 253278
3.77, 253184
3.80, 253131
3.83, 253120
3.85, 253033
3.97, 252603
4.00, 252379
4.01, 252288
4.01, 252232
4.02, 251177
